Determining if the pthread_create exist failed with the following output:
Change Dir: /home/endo/NinjaTurtle_pk/build/CMakeFiles/CMakeTmp

Run Build Command:/usr/bin/make "cmTryCompileExec538790831/fast"
/usr/bin/make -f CMakeFiles/cmTryCompileExec538790831.dir/build.make CMakeFiles/cmTryCompileExec538790831.dir/build
make[1]: Entering directory `/home/endo/NinjaTurtle_pk/build/CMakeFiles/CMakeTmp'
/usr/bin/cmake -E cmake_progress_report /home/endo/NinjaTurtle_pk/build/CMakeFiles/CMakeTmp/CMakeFiles 1
Building C object CMakeFiles/cmTryCompileExec538790831.dir/CheckSymbolExists.c.o
/usr/bin/cc    -o CMakeFiles/cmTryCompileExec538790831.dir/CheckSymbolExists.c.o   -c /home/endo/NinjaTurtle_pk/build/CMakeFiles/CMakeTmp/CheckSymbolExists.c
Linking C executable cmTryCompileExec538790831
/usr/bin/cmake -E cmake_link_script CMakeFiles/cmTryCompileExec538790831.dir/link.txt --verbose=1
/usr/bin/cc       CMakeFiles/cmTryCompileExec538790831.dir/CheckSymbolExists.c.o  -o cmTryCompileExec538790831 -rdynamic 
CMakeFiles/cmTryCompileExec538790831.dir/CheckSymbolExists.c.o: In function `main':
CheckSymbolExists.c:(.text+0x16): undefined reference to `pthread_create'
collect2: error: ld returned 1 exit status
make[1]: *** [cmTryCompileExec538790831] Error 1
make[1]: Leaving directory `/home/endo/NinjaTurtle_pk/build/CMakeFiles/CMakeTmp'
make: *** [cmTryCompileExec538790831/fast] Error 2

File /home/endo/NinjaTurtle_pk/build/CMakeFiles/CMakeTmp/CheckSymbolExists.c:
/* */
#include <pthread.h>

int main(int argc, char** argv)
{
  (void)argv;
#ifndef pthread_create
  return ((int*)(&pthread_create))[argc];
#else
  (void)argc;
  return 0;
#endif
}

Determining if the function pthread_create exists in the pthreads failed with the following output:
Change Dir: /home/endo/NinjaTurtle_pk/build/CMakeFiles/CMakeTmp

Run Build Command:/usr/bin/make "cmTryCompileExec1385479004/fast"
/usr/bin/make -f CMakeFiles/cmTryCompileExec1385479004.dir/build.make CMakeFiles/cmTryCompileExec1385479004.dir/build
make[1]: Entering directory `/home/endo/NinjaTurtle_pk/build/CMakeFiles/CMakeTmp'
/usr/bin/cmake -E cmake_progress_report /home/endo/NinjaTurtle_pk/build/CMakeFiles/CMakeTmp/CMakeFiles 1
Building C object CMakeFiles/cmTryCompileExec1385479004.dir/CheckFunctionExists.c.o
/usr/bin/cc   -DCHECK_FUNCTION_EXISTS=pthread_create   -o CMakeFiles/cmTryCompileExec1385479004.dir/CheckFunctionExists.c.o   -c /usr/share/cmake-2.8/Modules/CheckFunctionExists.c
Linking C executable cmTryCompileExec1385479004
/usr/bin/cmake -E cmake_link_script CMakeFiles/cmTryCompileExec1385479004.dir/link.txt --verbose=1
/usr/bin/cc   -DCHECK_FUNCTION_EXISTS=pthread_create    CMakeFiles/cmTryCompileExec1385479004.dir/CheckFunctionExists.c.o  -o cmTryCompileExec1385479004 -rdynamic -lpthreads 
/usr/bin/ld: cannot find -lpthreads
collect2: error: ld returned 1 exit status
make[1]: *** [cmTryCompileExec1385479004] Error 1
make[1]: Leaving directory `/home/endo/NinjaTurtle_pk/build/CMakeFiles/CMakeTmp'
make: *** [cmTryCompileExec1385479004/fast] Error 2


